INFO	2021-10-27 19:24:09,091	0	com.moneygaming.utilities.ConfigReader	[main]	Exception occurred: java.io.FileNotFoundException: configuration.properties (The system cannot find the file specified)
INFO	2021-10-27 21:38:49,199	0	com.moneygaming.utilities.ConfigReader	[main]	Exception occurred: java.io.FileNotFoundException: configuration.properties (The system cannot find the file specified)
INFO	2021-10-27 21:42:58,684	0	com.moneygaming.utilities.ConfigReader	[main]	Exception occurred: java.io.FileNotFoundException: configuration.properties (The system cannot find the file specified)
INFO	2021-10-27 22:32:27,667	0	com.moneygaming.utilities.DriverManager	[main]	Instantiating driver for chrome
INFO	2021-10-27 22:36:17,525	0	com.moneygaming.utilities.DriverManager	[main]	Instantiating driver for chrome
INFO	2021-10-27 22:36:21,587	4062	com.moneygaming.utilities.ConfigReader	[main]	Exception occurred: java.io.FileNotFoundException: configuration.properties (The system cannot find the file specified)
INFO	2021-10-27 22:38:17,166	0	com.moneygaming.utilities.DriverManager	[main]	Instantiating driver for chrome
INFO	2021-10-27 22:53:22,294	0	com.moneygaming.utilities.DriverManager	[main]	Instantiating driver for >> chrome
INFO	2021-10-27 23:03:14,348	0	com.moneygaming.utilities.DriverManager	[main]	Instantiating driver for >> chrome
INFO	2021-10-27 23:06:03,166	0	com.moneygaming.utilities.DriverManager	[main]	Instantiating driver for >> chrome
INFO	2021-10-27 23:15:49,263	0	com.moneygaming.utilities.DriverManager	[main]	Instantiating driver for >> chrome
INFO	2021-10-27 23:18:06,969	0	com.moneygaming.utilities.DriverManager	[main]	Instantiating driver for >> chrome
INFO	2021-10-27 23:19:58,873	0	com.moneygaming.utilities.DriverManager	[main]	Instantiating driver for >> chrome
INFO	2021-10-27 23:20:34,976	36103	com.moneygaming.utilities.DriverManager	[main]	title Play Online Casino Games Now | MoneyGaming.com
INFO	2021-10-27 23:23:17,307	0	com.moneygaming.utilities.DriverManager	[main]	Instantiating driver for >> chrome
INFO	2021-10-27 23:26:03,070	0	com.moneygaming.utilities.DriverManager	[main]	Instantiating driver for >> chrome
INFO	2021-10-27 23:26:45,200	42130	com.moneygaming.utilities.DriverManager	[main]	title Play Online Casino Games Now | MoneyGaming.com
INFO	2021-10-27 23:28:01,058	0	com.moneygaming.utilities.DriverManager	[main]	Instantiating driver for >> chrome
INFO	2021-10-27 23:28:36,440	35382	com.moneygaming.utilities.DriverManager	[main]	title Play Online Casino Games Now | MoneyGaming.com
INFO	2021-10-27 23:30:30,722	0	com.moneygaming.utilities.DriverManager	[main]	Instantiating driver for >> chrome
INFO	2021-10-27 23:32:22,256	0	com.moneygaming.utilities.DriverManager	[main]	Instantiating driver for >> chrome
INFO	2021-10-27 23:34:54,579	0	com.moneygaming.utilities.DriverManager	[main]	Instantiating driver for >> chrome
INFO	2021-10-27 23:37:27,103	0	com.moneygaming.utilities.DriverManager	[main]	Instantiating driver for >> chrome
INFO	2021-10-27 23:40:25,006	0	com.moneygaming.utilities.DriverManager	[main]	Instantiating driver for >> chrome
INFO	2021-10-27 23:44:56,216	0	com.moneygaming.utilities.DriverManager	[main]	Instantiating driver for >> chrome
INFO	2021-10-27 23:46:06,317	70101	com.moneygaming.utilities.DriverManager	[main]	title Join now to Play Online Casino Games - Free or Cash | MoneyGaming.com
INFO	2021-10-27 23:50:44,863	0	com.moneygaming.utilities.DriverManager	[main]	Instantiating driver for >> chrome
INFO	2021-10-27 23:51:20,357	35494	com.moneygaming.utilities.DriverManager	[main]	title Play Online Casino Games Now | MoneyGaming.com
INFO	2021-10-27 23:52:02,024	0	com.moneygaming.utilities.DriverManager	[main]	Instantiating driver for >> chrome
INFO	2021-10-27 23:53:09,821	67797	com.moneygaming.utilities.DriverManager	[main]	title Join now to Play Online Casino Games - Free or Cash | MoneyGaming.com
INFO	2021-10-27 23:54:56,521	0	com.moneygaming.utilities.DriverManager	[main]	Instantiating driver for >> chrome
INFO	2021-10-27 23:56:11,625	75104	com.moneygaming.utilities.DriverManager	[main]	title Join now to Play Online Casino Games - Free or Cash | MoneyGaming.com
INFO	2021-10-28 00:01:56,955	0	com.moneygaming.utilities.DriverManager	[main]	Instantiating driver for >> chrome
INFO	2021-10-28 00:03:04,558	67603	com.moneygaming.utilities.DriverManager	[main]	title Join now to Play Online Casino Games - Free or Cash | MoneyGaming.com
INFO	2021-10-28 00:05:01,805	0	com.moneygaming.utilities.DriverManager	[main]	Instantiating driver for >> chrome
INFO	2021-10-28 00:06:09,510	67705	com.moneygaming.utilities.DriverManager	[main]	title Join now to Play Online Casino Games - Free or Cash | MoneyGaming.com
INFO	2021-10-28 00:16:06,065	0	com.moneygaming.utilities.DriverManager	[main]	Instantiating driver for >> chrome
INFO	2021-10-28 00:17:14,954	68889	com.moneygaming.utilities.DriverManager	[main]	title Join now to Play Online Casino Games - Free or Cash | MoneyGaming.com
INFO	2021-10-28 00:25:29,944	0	com.moneygaming.utilities.DriverManager	[main]	Instantiating driver for >> chrome
INFO	2021-10-28 00:26:41,015	71071	com.moneygaming.utilities.DriverManager	[main]	title Join now to Play Online Casino Games - Free or Cash | MoneyGaming.com
INFO	2021-10-28 00:41:09,992	0	com.moneygaming.utilities.DriverManager	[main]	Instantiating driver for >> chrome
INFO	2021-10-28 00:42:19,110	69118	com.moneygaming.utilities.DriverManager	[main]	title Join now to Play Online Casino Games - Free or Cash | MoneyGaming.com
INFO	2021-10-28 11:23:28,429	0	com.moneygaming.utilities.DriverManager	[main]	Instantiating driver for >> chrome
INFO	2021-10-28 11:24:16,936	48507	com.moneygaming.utilities.DriverManager	[main]	title Join now to Play Online Casino Games - Free or Cash | MoneyGaming.com
INFO	2021-10-28 11:30:23,622	0	com.moneygaming.utilities.DriverManager	[main]	Instantiating driver for >> chrome
INFO	2021-10-28 11:33:30,831	0	com.moneygaming.utilities.DriverManager	[main]	Instantiating driver for >> chrome
INFO	2021-10-28 11:40:37,944	0	com.moneygaming.utilities.DriverManager	[main]	Instantiating driver for >> chrome
INFO	2021-10-28 11:51:17,063	0	com.moneygaming.utilities.DriverManager	[main]	Instantiating driver for >> chrome
INFO	2021-10-28 11:55:17,539	0	com.moneygaming.utilities.DriverManager	[main]	Instantiating driver for >> chrome
INFO	2021-10-28 15:06:35,563	0	com.moneygaming.utilities.DriverManager	[main]	Instantiating driver for >> chrome
INFO	2021-10-28 15:09:46,057	0	com.moneygaming.utilities.DriverManager	[main]	Instantiating driver for >> chrome
INFO	2021-10-28 15:11:16,715	0	com.moneygaming.utilities.DriverManager	[main]	Instantiating driver for >> chrome
INFO	2021-10-28 15:17:52,710	0	com.moneygaming.utilities.DriverManager	[main]	Instantiating driver for >> chrome
INFO	2021-10-28 15:22:55,629	0	com.moneygaming.utilities.DriverManager	[main]	Instantiating driver for >> chrome
INFO	2021-10-28 15:24:39,704	0	com.moneygaming.utilities.DriverManager	[main]	Instantiating driver for >> chrome
INFO	2021-10-28 15:30:19,026	0	com.moneygaming.utilities.DriverManager	[main]	Instantiating driver for >> chrome
INFO	2021-10-28 15:31:15,957	56931	com.moneygaming.utilities.DriverManager	[main]	Exception occurred: org.openqa.selenium.TimeoutException: Expected condition failed: waiting for element to be clickable: Proxy element for: DefaultElementLocator 'By.cssSelector: a.newUser.greenn' (tried for 30 second(s) with 500 milliseconds interval)
INFO	2021-10-29 13:01:26,178	0	com.moneygaming.utilities.DriverManager	[main]	Instantiating driver for >> chrome
INFO	2021-10-29 13:03:44,632	0	com.moneygaming.utilities.DriverManager	[main]	Instantiating driver for >> chrome
INFO	2021-10-29 13:05:02,250	0	com.moneygaming.utilities.DriverManager	[main]	Instantiating driver for >> chrome
INFO	2021-10-29 13:06:14,255	0	com.moneygaming.utilities.DriverManager	[main]	Instantiating driver for >> chrome
INFO	2021-10-29 13:06:18,389	4134	com.moneygaming.utilities.DriverManager	[main]	Exception occurred: org.openqa.selenium.WebDriverException: unknown error: net::ERR_NAME_NOT_RESOLVED
  (Session info: chrome=95.0.4638.54)
Build info: version: '3.141.59', revision: 'e82be7d358', time: '2018-11-14T08:17:03'
System info: host: 'MAJIC-PC', ip: '192.168.56.1', os.name: 'Windows 10', os.arch: 'amd64', os.version: '10.0', java.version: '1.8.0_311'
Driver info: org.openqa.selenium.chrome.ChromeDriver
Capabilities {acceptInsecureCerts: false, browserName: chrome, browserVersion: 95.0.4638.54, chrome: {chromedriverVersion: 95.0.4638.54 (d31a821ec901f..., userDataDir: C:\Users\oless\AppData\Loca...}, goog:chromeOptions: {debuggerAddress: localhost:53116}, javascriptEnabled: true, networkConnectionEnabled: false, pageLoadStrategy: normal, platform: WINDOWS, platformName: WINDOWS, proxy: Proxy(), setWindowRect: true, strictFileInteractability: false, timeouts: {implicit: 0, pageLoad: 300000, script: 30000}, unhandledPromptBehavior: dismiss and notify, webauthn:extension:credBlob: true, webauthn:extension:largeBlob: true, webauthn:virtualAuthenticators: true}
Session ID: caf6d9b2a8c7b3b3113b0109ee2802e5
INFO	2021-10-29 13:25:12,155	0	com.moneygaming.utilities.DriverManager	[main]	Instantiating driver for >> chrome
INFO	2021-10-29 13:26:13,276	0	com.moneygaming.utilities.DriverManager	[main]	Instantiating driver for >> chrome
INFO	2021-10-29 13:26:18,335	5059	com.moneygaming.utilities.DriverManager	[main]	Exception occurred: org.openqa.selenium.WebDriverException: unknown error: net::ERR_NAME_NOT_RESOLVED
  (Session info: chrome=95.0.4638.54)
Build info: version: '3.141.59', revision: 'e82be7d358', time: '2018-11-14T08:17:03'
System info: host: 'MAJIC-PC', ip: '192.168.56.1', os.name: 'Windows 10', os.arch: 'amd64', os.version: '10.0', java.version: '1.8.0_311'
Driver info: org.openqa.selenium.chrome.ChromeDriver
Capabilities {acceptInsecureCerts: false, browserName: chrome, browserVersion: 95.0.4638.54, chrome: {chromedriverVersion: 95.0.4638.54 (d31a821ec901f..., userDataDir: C:\Users\oless\AppData\Loca...}, goog:chromeOptions: {debuggerAddress: localhost:58597}, javascriptEnabled: true, networkConnectionEnabled: false, pageLoadStrategy: normal, platform: WINDOWS, platformName: WINDOWS, proxy: Proxy(), setWindowRect: true, strictFileInteractability: false, timeouts: {implicit: 0, pageLoad: 300000, script: 30000}, unhandledPromptBehavior: dismiss and notify, webauthn:extension:credBlob: true, webauthn:extension:largeBlob: true, webauthn:virtualAuthenticators: true}
Session ID: 469f5f2878775bd2cb3cb3cd57f53630
INFO	2021-10-29 13:26:52,174	0	com.moneygaming.utilities.DriverManager	[main]	Instantiating driver for >> chrome
INFO	2021-10-29 13:27:20,267	28093	com.moneygaming.utilities.DriverManager	[main]	Exception occurred: org.openqa.selenium.TimeoutException: timeout: Timed out receiving message from renderer: 1.000
  (Session info: chrome=95.0.4638.54)
Build info: version: '3.141.59', revision: 'e82be7d358', time: '2018-11-14T08:17:03'
System info: host: 'MAJIC-PC', ip: '192.168.56.1', os.name: 'Windows 10', os.arch: 'amd64', os.version: '10.0', java.version: '1.8.0_311'
Driver info: org.openqa.selenium.chrome.ChromeDriver
Capabilities {acceptInsecureCerts: false, browserName: chrome, browserVersion: 95.0.4638.54, chrome: {chromedriverVersion: 95.0.4638.54 (d31a821ec901f..., userDataDir: C:\Users\oless\AppData\Loca...}, goog:chromeOptions: {debuggerAddress: localhost:58748}, javascriptEnabled: true, networkConnectionEnabled: false, pageLoadStrategy: normal, platform: WINDOWS, platformName: WINDOWS, proxy: Proxy(), setWindowRect: true, strictFileInteractability: false, timeouts: {implicit: 0, pageLoad: 300000, script: 30000}, unhandledPromptBehavior: dismiss and notify, webauthn:extension:credBlob: true, webauthn:extension:largeBlob: true, webauthn:virtualAuthenticators: true}
Session ID: 20c7a03cc85ee4a34e3fb91a5ab86862
INFO	2021-10-29 15:02:50,648	0	com.moneygaming.utilities.DriverManager	[main]	Instantiating driver for >> chrome
INFO	2021-10-29 15:03:20,354	29706	com.moneygaming.utilities.DriverManager	[main]	Loading url
INFO	2021-10-29 15:05:57,176	0	com.moneygaming.utilities.DriverManager	[main]	Instantiating driver for >> chrome
INFO	2021-10-29 15:06:23,675	26499	com.moneygaming.utilities.DriverManager	[main]	Loading url
INFO	2021-10-29 15:27:29,416	0	com.moneygaming.utilities.DriverManager	[main]	Instantiating driver for >> chrome
INFO	2021-10-29 15:27:56,565	27149	com.moneygaming.utilities.DriverManager	[main]	Loading url
INFO	2021-10-29 15:57:28,993	0	com.moneygaming.utilities.DriverManager	[main]	Instantiating driver for >> chrome
INFO	2021-10-29 15:57:55,419	26426	com.moneygaming.utilities.DriverManager	[main]	Loading url
INFO	2021-10-29 16:03:24,391	0	com.moneygaming.utilities.DriverManager	[main]	Instantiating driver for >> chrome
INFO	2021-10-29 16:03:51,116	26725	com.moneygaming.utilities.DriverManager	[main]	Loading url
INFO	2021-10-29 16:04:45,048	0	com.moneygaming.utilities.DriverManager	[main]	Instantiating driver for >> chrome
INFO	2021-10-29 16:05:10,970	25922	com.moneygaming.utilities.DriverManager	[main]	Loading url
INFO	2021-10-29 16:09:25,738	0	com.moneygaming.utilities.DriverManager	[main]	Instantiating driver for >> chrome
INFO	2021-10-29 16:09:52,569	26831	com.moneygaming.utilities.DriverManager	[main]	Loading url
INFO	2021-10-29 16:12:50,982	0	com.moneygaming.utilities.DriverManager	[main]	Instantiating driver for >> chrome
INFO	2021-10-29 16:13:16,915	25933	com.moneygaming.utilities.DriverManager	[main]	Loading url
INFO	2021-10-29 16:14:42,538	0	com.moneygaming.utilities.DriverManager	[main]	Instantiating driver for >> chrome
INFO	2021-10-29 16:15:08,419	25881	com.moneygaming.utilities.DriverManager	[main]	Loading url
INFO	2021-10-29 16:17:49,139	0	com.moneygaming.utilities.DriverManager	[main]	Instantiating driver for >> chrome
INFO	2021-10-29 16:18:16,443	27304	com.moneygaming.utilities.DriverManager	[main]	Loading url
INFO	2021-10-29 16:19:46,417	1	com.moneygaming.utilities.DriverManager	[main]	Instantiating driver for >> chrome
INFO	2021-10-29 16:20:13,725	27309	com.moneygaming.utilities.DriverManager	[main]	Loading url
INFO	2021-10-29 16:21:25,748	0	com.moneygaming.utilities.DriverManager	[main]	Instantiating driver for >> chrome
INFO	2021-10-29 16:21:51,750	26002	com.moneygaming.utilities.DriverManager	[main]	Loading url
INFO	2021-10-29 16:23:18,110	0	com.moneygaming.utilities.DriverManager	[main]	Instantiating driver for >> chrome
INFO	2021-10-29 16:23:45,698	27588	com.moneygaming.utilities.DriverManager	[main]	Loading url
INFO	2021-10-29 16:29:44,300	0	com.moneygaming.utilities.DriverManager	[main]	Instantiating driver for >> chrome
INFO	2021-10-29 16:30:11,739	27439	com.moneygaming.utilities.DriverManager	[main]	Loading url
INFO	2021-10-29 16:34:47,114	0	com.moneygaming.utilities.DriverManager	[main]	Instantiating driver for >> chrome
INFO	2021-10-29 16:35:14,831	27717	com.moneygaming.utilities.DriverManager	[main]	Loading url
INFO	2021-10-29 16:37:03,700	0	com.moneygaming.utilities.DriverManager	[main]	Instantiating driver for >> chrome
INFO	2021-10-29 16:37:29,696	25996	com.moneygaming.utilities.DriverManager	[main]	Loading url
INFO	2021-10-29 16:40:15,458	0	com.moneygaming.utilities.DriverManager	[main]	Instantiating driver for >> chrome
INFO	2021-10-29 16:40:51,830	36372	com.moneygaming.utilities.DriverManager	[main]	Loading url
INFO	2021-10-30 14:09:39,296	0	com.moneygaming.utilities.DriverManager	[main]	Instantiating driver for >> chrome
INFO	2021-10-30 14:10:07,559	28263	com.moneygaming.utilities.DriverManager	[main]	Loading url
INFO	2021-10-30 14:16:23,154	0	com.moneygaming.utilities.DriverManager	[main]	Instantiating driver for >> chrome
INFO	2021-10-30 14:16:49,607	26453	com.moneygaming.utilities.DriverManager	[main]	Loading url
INFO	2021-10-30 14:17:46,898	0	com.moneygaming.utilities.DriverManager	[main]	Instantiating driver for >> chrome
INFO	2021-10-30 14:18:15,644	28746	com.moneygaming.utilities.DriverManager	[main]	Loading url
INFO	2021-10-30 14:19:04,829	0	com.moneygaming.utilities.DriverManager	[main]	Instantiating driver for >> chrome
INFO	2021-10-30 14:19:31,369	26540	com.moneygaming.utilities.DriverManager	[main]	Loading url
INFO	2021-10-30 14:20:17,986	0	com.moneygaming.utilities.DriverManager	[main]	Instantiating driver for >> edge
INFO	2021-10-30 14:20:49,912	31926	com.moneygaming.utilities.DriverManager	[main]	Loading url
INFO	2021-10-30 14:21:31,478	0	com.moneygaming.utilities.DriverManager	[main]	Instantiating driver for >> 
INFO	2021-10-30 14:21:31,503	25	com.moneygaming.utilities.DriverManager	[main]	Instantiating driver for >> 
INFO	2021-10-30 14:22:21,663	0	com.moneygaming.utilities.DriverManager	[main]	Instantiating driver for >> edge
INFO	2021-10-30 14:22:48,160	26497	com.moneygaming.utilities.DriverManager	[main]	Loading url
INFO	2021-10-30 14:23:35,997	1	com.moneygaming.utilities.DriverManager	[main]	Instantiating driver for >> chrome-headless
INFO	2021-10-30 14:24:04,085	28089	com.moneygaming.utilities.DriverManager	[main]	Loading url
INFO	2021-10-30 14:28:33,487	0	com.moneygaming.utilities.DriverManager	[main]	Instantiating driver for >> chrome
INFO	2021-10-30 14:28:59,700	26213	com.moneygaming.utilities.DriverManager	[main]	Loading url
INFO	2021-10-30 14:31:37,988	0	com.moneygaming.utilities.DriverManager	[main]	Instantiating driver for >> chrome
INFO	2021-10-30 14:32:04,842	26854	com.moneygaming.utilities.DriverManager	[main]	Loading url
INFO	2021-10-30 14:33:24,694	0	com.moneygaming.utilities.DriverManager	[main]	Instantiating driver for >> chrome
INFO	2021-10-30 14:33:50,971	26277	com.moneygaming.utilities.DriverManager	[main]	Loading url
